<?xml version="1.0" encoding="UTF-8"?>
<!-- Generated by org.testng.reporters.JUnitXMLReporter -->
<testsuite hostname="DESKTOP-D8HST9O" name="Chrome" tests="3" failures="0" timestamp="16 Feb 2018 09:31:58 GMT" time="45.448" errors="0">
  <testcase name="testValidLogin" time="2.458" classname="script.ValidLogin"/>
  <testcase name="testInvalidLogin" time="11.019" classname="script.InvalidLogin"/>
  <testcase name="testVersion" time="10.804" classname="script.CheckVersion"/>
</testsuite> <!-- Chrome -->
