<?xml version="1.0" encoding="UTF-8"?>
<!-- Generated by org.testng.reporters.JUnitXMLReporter -->
<testsuite hostname="DESKTOP-D8HST9O" name="Firefox" tests="3" failures="0" timestamp="16 Feb 2018 09:32:09 GMT" time="56.851" errors="0">
  <testcase name="testValidLogin" time="2.103" classname="script.ValidLogin"/>
  <testcase name="testInvalidLogin" time="12.308" classname="script.InvalidLogin"/>
  <testcase name="testVersion" time="12.641" classname="script.CheckVersion"/>
</testsuite> <!-- Firefox -->
